ARM GAS  /tmp/cc0Hs7Ge.s 			page 1


   1              		.syntax unified
   2              		.cpu cortex-m4
   3              		.eabi_attribute 27, 1
   4              		.eabi_attribute 28, 1
   5              		.fpu fpv4-sp-d16
   6              		.eabi_attribute 20, 1
   7              		.eabi_attribute 21, 1
   8              		.eabi_attribute 23, 3
   9              		.eabi_attribute 24, 1
  10              		.eabi_attribute 25, 1
  11              		.eabi_attribute 26, 1
  12              		.eabi_attribute 30, 1
  13              		.eabi_attribute 34, 1
  14              		.eabi_attribute 18, 4
  15              		.thumb
  16              		.syntax unified
  17              		.file	"ssd1306_fonts.c"
  18              		.text
  19              	.Ltext0:
  20              		.cfi_sections	.debug_frame
  21              		.global	Font_11x18
  22              		.section	.data.Font_11x18,"aw",%progbits
  23              		.align	2
  26              	Font_11x18:
  27 0000 0B       		.byte	11
  28 0001 12       		.byte	18
  29 0002 0000     		.space	2
  30 0004 00000000 		.word	Font11x18
  31              		.section	.rodata.Font11x18,"a",%progbits
  32              		.align	2
  35              	Font11x18:
  36 0000 0000     		.short	0
  37 0002 0000     		.short	0
  38 0004 0000     		.short	0
  39 0006 0000     		.short	0
  40 0008 0000     		.short	0
  41 000a 0000     		.short	0
  42 000c 0000     		.short	0
  43 000e 0000     		.short	0
  44 0010 0000     		.short	0
  45 0012 0000     		.short	0
  46 0014 0000     		.short	0
  47 0016 0000     		.short	0
  48 0018 0000     		.short	0
  49 001a 0000     		.short	0
  50 001c 0000     		.short	0
  51 001e 0000     		.short	0
  52 0020 0000     		.short	0
  53 0022 0000     		.short	0
  54 0024 0000     		.short	0
  55 0026 000C     		.short	3072
  56 0028 000C     		.short	3072
  57 002a 000C     		.short	3072
  58 002c 000C     		.short	3072
  59 002e 000C     		.short	3072
  60 0030 000C     		.short	3072
  61 0032 000C     		.short	3072
ARM GAS  /tmp/cc0Hs7Ge.s 			page 2


  62 0034 000C     		.short	3072
  63 0036 000C     		.short	3072
  64 0038 000C     		.short	3072
  65 003a 000C     		.short	3072
  66 003c 0000     		.short	0
  67 003e 000C     		.short	3072
  68 0040 000C     		.short	3072
  69 0042 0000     		.short	0
  70 0044 0000     		.short	0
  71 0046 0000     		.short	0
  72 0048 0000     		.short	0
  73 004a 001B     		.short	6912
  74 004c 001B     		.short	6912
  75 004e 001B     		.short	6912
  76 0050 001B     		.short	6912
  77 0052 001B     		.short	6912
  78 0054 0000     		.short	0
  79 0056 0000     		.short	0
  80 0058 0000     		.short	0
  81 005a 0000     		.short	0
  82 005c 0000     		.short	0
  83 005e 0000     		.short	0
  84 0060 0000     		.short	0
  85 0062 0000     		.short	0
  86 0064 0000     		.short	0
  87 0066 0000     		.short	0
  88 0068 0000     		.short	0
  89 006a 0000     		.short	0
  90 006c 0000     		.short	0
  91 006e 8019     		.short	6528
  92 0070 8019     		.short	6528
  93 0072 8019     		.short	6528
  94 0074 8019     		.short	6528
  95 0076 C07F     		.short	32704
  96 0078 C07F     		.short	32704
  97 007a 8019     		.short	6528
  98 007c 0033     		.short	13056
  99 007e C07F     		.short	32704
 100 0080 C07F     		.short	32704
 101 0082 0033     		.short	13056
 102 0084 0033     		.short	13056
 103 0086 0033     		.short	13056
 104 0088 0033     		.short	13056
 105 008a 0000     		.short	0
 106 008c 0000     		.short	0
 107 008e 0000     		.short	0
 108 0090 0000     		.short	0
 109 0092 001E     		.short	7680
 110 0094 003F     		.short	16128
 111 0096 8075     		.short	30080
 112 0098 8065     		.short	25984
 113 009a 0074     		.short	29696
 114 009c 003C     		.short	15360
 115 009e 001E     		.short	7680
 116 00a0 0007     		.short	1792
 117 00a2 8005     		.short	1408
 118 00a4 8065     		.short	25984
ARM GAS  /tmp/cc0Hs7Ge.s 			page 3


 119 00a6 8065     		.short	25984
 120 00a8 8075     		.short	30080
 121 00aa 003F     		.short	16128
 122 00ac 001E     		.short	7680
 123 00ae 0004     		.short	1024
 124 00b0 0004     		.short	1024
 125 00b2 0000     		.short	0
 126 00b4 0000     		.short	0
 127 00b6 0070     		.short	28672
 128 00b8 00D8     		.short	-10240
 129 00ba 40D8     		.short	-10176
 130 00bc C0D8     		.short	-10048
 131 00be 80D9     		.short	-9856
 132 00c0 0073     		.short	29440
 133 00c2 0006     		.short	1536
 134 00c4 000C     		.short	3072
 135 00c6 801B     		.short	7040
 136 00c8 C036     		.short	14016
 137 00ca C066     		.short	26304
 138 00cc C046     		.short	18112
 139 00ce C006     		.short	1728
 140 00d0 8003     		.short	896
 141 00d2 0000     		.short	0
 142 00d4 0000     		.short	0
 143 00d6 0000     		.short	0
 144 00d8 0000     		.short	0
 145 00da 001E     		.short	7680
 146 00dc 003F     		.short	16128
 147 00de 0033     		.short	13056
 148 00e0 0033     		.short	13056
 149 00e2 0033     		.short	13056
 150 00e4 001E     		.short	7680
 151 00e6 000C     		.short	3072
 152 00e8 C03C     		.short	15552
 153 00ea C066     		.short	26304
 154 00ec 8063     		.short	25472
 155 00ee 8061     		.short	24960
 156 00f0 8063     		.short	25472
 157 00f2 C03E     		.short	16064
 158 00f4 801C     		.short	7296
 159 00f6 0000     		.short	0
 160 00f8 0000     		.short	0
 161 00fa 0000     		.short	0
 162 00fc 0000     		.short	0
 163 00fe 000C     		.short	3072
 164 0100 000C     		.short	3072
 165 0102 000C     		.short	3072
 166 0104 000C     		.short	3072
 167 0106 000C     		.short	3072
 168 0108 0000     		.short	0
 169 010a 0000     		.short	0
 170 010c 0000     		.short	0
 171 010e 0000     		.short	0
 172 0110 0000     		.short	0
 173 0112 0000     		.short	0
 174 0114 0000     		.short	0
 175 0116 0000     		.short	0
ARM GAS  /tmp/cc0Hs7Ge.s 			page 4


 176 0118 0000     		.short	0
 177 011a 0000     		.short	0
 178 011c 0000     		.short	0
 179 011e 0000     		.short	0
 180 0120 8000     		.short	128
 181 0122 0001     		.short	256
 182 0124 0003     		.short	768
 183 0126 0006     		.short	1536
 184 0128 0006     		.short	1536
 185 012a 0004     		.short	1024
 186 012c 000C     		.short	3072
 187 012e 000C     		.short	3072
 188 0130 000C     		.short	3072
 189 0132 000C     		.short	3072
 190 0134 000C     		.short	3072
 191 0136 000C     		.short	3072
 192 0138 0004     		.short	1024
 193 013a 0006     		.short	1536
 194 013c 0006     		.short	1536
 195 013e 0003     		.short	768
 196 0140 0001     		.short	256
 197 0142 8000     		.short	128
 198 0144 0020     		.short	8192
 199 0146 0010     		.short	4096
 200 0148 0018     		.short	6144
 201 014a 000C     		.short	3072
 202 014c 000C     		.short	3072
 203 014e 0004     		.short	1024
 204 0150 0006     		.short	1536
 205 0152 0006     		.short	1536
 206 0154 0006     		.short	1536
 207 0156 0006     		.short	1536
 208 0158 0006     		.short	1536
 209 015a 0006     		.short	1536
 210 015c 0004     		.short	1024
 211 015e 000C     		.short	3072
 212 0160 000C     		.short	3072
 213 0162 0018     		.short	6144
 214 0164 0010     		.short	4096
 215 0166 0020     		.short	8192
 216 0168 0000     		.short	0
 217 016a 000C     		.short	3072
 218 016c 002D     		.short	11520
 219 016e 003F     		.short	16128
 220 0170 001E     		.short	7680
 221 0172 0033     		.short	13056
 222 0174 0000     		.short	0
 223 0176 0000     		.short	0
 224 0178 0000     		.short	0
 225 017a 0000     		.short	0
 226 017c 0000     		.short	0
 227 017e 0000     		.short	0
 228 0180 0000     		.short	0
 229 0182 0000     		.short	0
 230 0184 0000     		.short	0
 231 0186 0000     		.short	0
 232 0188 0000     		.short	0
ARM GAS  /tmp/cc0Hs7Ge.s 			page 5


 233 018a 0000     		.short	0
 234 018c 0000     		.short	0
 235 018e 0000     		.short	0
 236 0190 0000     		.short	0
 237 0192 000C     		.short	3072
 238 0194 000C     		.short	3072
 239 0196 000C     		.short	3072
 240 0198 000C     		.short	3072
 241 019a C0FF     		.short	-64
 242 019c C0FF     		.short	-64
 243 019e 000C     		.short	3072
 244 01a0 000C     		.short	3072
 245 01a2 000C     		.short	3072
 246 01a4 000C     		.short	3072
 247 01a6 0000     		.short	0
 248 01a8 0000     		.short	0
 249 01aa 0000     		.short	0
 250 01ac 0000     		.short	0
 251 01ae 0000     		.short	0
 252 01b0 0000     		.short	0
 253 01b2 0000     		.short	0
 254 01b4 0000     		.short	0
 255 01b6 0000     		.short	0
 256 01b8 0000     		.short	0
 257 01ba 0000     		.short	0
 258 01bc 0000     		.short	0
 259 01be 0000     		.short	0
 260 01c0 0000     		.short	0
 261 01c2 0000     		.short	0
 262 01c4 0000     		.short	0
 263 01c6 0000     		.short	0
 264 01c8 0000     		.short	0
 265 01ca 000C     		.short	3072
 266 01cc 000C     		.short	3072
 267 01ce 0004     		.short	1024
 268 01d0 0004     		.short	1024
 269 01d2 0008     		.short	2048
 270 01d4 0000     		.short	0
 271 01d6 0000     		.short	0
 272 01d8 0000     		.short	0
 273 01da 0000     		.short	0
 274 01dc 0000     		.short	0
 275 01de 0000     		.short	0
 276 01e0 0000     		.short	0
 277 01e2 0000     		.short	0
 278 01e4 0000     		.short	0
 279 01e6 001E     		.short	7680
 280 01e8 001E     		.short	7680
 281 01ea 0000     		.short	0
 282 01ec 0000     		.short	0
 283 01ee 0000     		.short	0
 284 01f0 0000     		.short	0
 285 01f2 0000     		.short	0
 286 01f4 0000     		.short	0
 287 01f6 0000     		.short	0
 288 01f8 0000     		.short	0
 289 01fa 0000     		.short	0
ARM GAS  /tmp/cc0Hs7Ge.s 			page 6


 290 01fc 0000     		.short	0
 291 01fe 0000     		.short	0
 292 0200 0000     		.short	0
 293 0202 0000     		.short	0
 294 0204 0000     		.short	0
 295 0206 0000     		.short	0
 296 0208 0000     		.short	0
 297 020a 0000     		.short	0
 298 020c 0000     		.short	0
 299 020e 0000     		.short	0
 300 0210 0000     		.short	0
 301 0212 000C     		.short	3072
 302 0214 000C     		.short	3072
 303 0216 0000     		.short	0
 304 0218 0000     		.short	0
 305 021a 0000     		.short	0
 306 021c 0000     		.short	0
 307 021e 0003     		.short	768
 308 0220 0003     		.short	768
 309 0222 0003     		.short	768
 310 0224 0006     		.short	1536
 311 0226 0006     		.short	1536
 312 0228 0006     		.short	1536
 313 022a 0006     		.short	1536
 314 022c 000C     		.short	3072
 315 022e 000C     		.short	3072
 316 0230 000C     		.short	3072
 317 0232 000C     		.short	3072
 318 0234 0018     		.short	6144
 319 0236 0018     		.short	6144
 320 0238 0018     		.short	6144
 321 023a 0000     		.short	0
 322 023c 0000     		.short	0
 323 023e 0000     		.short	0
 324 0240 0000     		.short	0
 325 0242 001E     		.short	7680
 326 0244 003F     		.short	16128
 327 0246 0033     		.short	13056
 328 0248 8061     		.short	24960
 329 024a 8061     		.short	24960
 330 024c 8061     		.short	24960
 331 024e 806D     		.short	28032
 332 0250 806D     		.short	28032
 333 0252 8061     		.short	24960
 334 0254 8061     		.short	24960
 335 0256 8061     		.short	24960
 336 0258 0033     		.short	13056
 337 025a 003F     		.short	16128
 338 025c 001E     		.short	7680
 339 025e 0000     		.short	0
 340 0260 0000     		.short	0
 341 0262 0000     		.short	0
 342 0264 0000     		.short	0
 343 0266 0006     		.short	1536
 344 0268 000E     		.short	3584
 345 026a 001E     		.short	7680
 346 026c 0036     		.short	13824
ARM GAS  /tmp/cc0Hs7Ge.s 			page 7


 347 026e 0026     		.short	9728
 348 0270 0006     		.short	1536
 349 0272 0006     		.short	1536
 350 0274 0006     		.short	1536
 351 0276 0006     		.short	1536
 352 0278 0006     		.short	1536
 353 027a 0006     		.short	1536
 354 027c 0006     		.short	1536
 355 027e 0006     		.short	1536
 356 0280 0006     		.short	1536
 357 0282 0000     		.short	0
 358 0284 0000     		.short	0
 359 0286 0000     		.short	0
 360 0288 0000     		.short	0
 361 028a 001E     		.short	7680
 362 028c 003F     		.short	16128
 363 028e 8073     		.short	29568
 364 0290 8061     		.short	24960
 365 0292 8061     		.short	24960
 366 0294 8001     		.short	384
 367 0296 0003     		.short	768
 368 0298 0006     		.short	1536
 369 029a 000C     		.short	3072
 370 029c 0018     		.short	6144
 371 029e 0030     		.short	12288
 372 02a0 0060     		.short	24576
 373 02a2 807F     		.short	32640
 374 02a4 807F     		.short	32640
 375 02a6 0000     		.short	0
 376 02a8 0000     		.short	0
 377 02aa 0000     		.short	0
 378 02ac 0000     		.short	0
 379 02ae 001C     		.short	7168
 380 02b0 003E     		.short	15872
 381 02b2 0063     		.short	25344
 382 02b4 0063     		.short	25344
 383 02b6 0003     		.short	768
 384 02b8 000E     		.short	3584
 385 02ba 000E     		.short	3584
 386 02bc 0003     		.short	768
 387 02be 8001     		.short	384
 388 02c0 8001     		.short	384
 389 02c2 8061     		.short	24960
 390 02c4 8073     		.short	29568
 391 02c6 003F     		.short	16128
 392 02c8 001E     		.short	7680
 393 02ca 0000     		.short	0
 394 02cc 0000     		.short	0
 395 02ce 0000     		.short	0
 396 02d0 0000     		.short	0
 397 02d2 0006     		.short	1536
 398 02d4 000E     		.short	3584
 399 02d6 000E     		.short	3584
 400 02d8 001E     		.short	7680
 401 02da 001E     		.short	7680
 402 02dc 0016     		.short	5632
 403 02de 0036     		.short	13824
ARM GAS  /tmp/cc0Hs7Ge.s 			page 8


 404 02e0 0036     		.short	13824
 405 02e2 0066     		.short	26112
 406 02e4 807F     		.short	32640
 407 02e6 807F     		.short	32640
 408 02e8 0006     		.short	1536
 409 02ea 0006     		.short	1536
 410 02ec 0006     		.short	1536
 411 02ee 0000     		.short	0
 412 02f0 0000     		.short	0
 413 02f2 0000     		.short	0
 414 02f4 0000     		.short	0
 415 02f6 007F     		.short	32512
 416 02f8 007F     		.short	32512
 417 02fa 0060     		.short	24576
 418 02fc 0060     		.short	24576
 419 02fe 0060     		.short	24576
 420 0300 006E     		.short	28160
 421 0302 007F     		.short	32512
 422 0304 8063     		.short	25472
 423 0306 8001     		.short	384
 424 0308 8001     		.short	384
 425 030a 8061     		.short	24960
 426 030c 8073     		.short	29568
 427 030e 003F     		.short	16128
 428 0310 001E     		.short	7680
 429 0312 0000     		.short	0
 430 0314 0000     		.short	0
 431 0316 0000     		.short	0
 432 0318 0000     		.short	0
 433 031a 001E     		.short	7680
 434 031c 003F     		.short	16128
 435 031e 8033     		.short	13184
 436 0320 8061     		.short	24960
 437 0322 0060     		.short	24576
 438 0324 006E     		.short	28160
 439 0326 007F     		.short	32512
 440 0328 8073     		.short	29568
 441 032a 8061     		.short	24960
 442 032c 8061     		.short	24960
 443 032e 8061     		.short	24960
 444 0330 8033     		.short	13184
 445 0332 003F     		.short	16128
 446 0334 001E     		.short	7680
 447 0336 0000     		.short	0
 448 0338 0000     		.short	0
 449 033a 0000     		.short	0
 450 033c 0000     		.short	0
 451 033e 807F     		.short	32640
 452 0340 807F     		.short	32640
 453 0342 8001     		.short	384
 454 0344 0003     		.short	768
 455 0346 0003     		.short	768
 456 0348 0006     		.short	1536
 457 034a 0006     		.short	1536
 458 034c 000C     		.short	3072
 459 034e 000C     		.short	3072
 460 0350 000C     		.short	3072
ARM GAS  /tmp/cc0Hs7Ge.s 			page 9


 461 0352 0008     		.short	2048
 462 0354 0018     		.short	6144
 463 0356 0018     		.short	6144
 464 0358 0018     		.short	6144
 465 035a 0000     		.short	0
 466 035c 0000     		.short	0
 467 035e 0000     		.short	0
 468 0360 0000     		.short	0
 469 0362 001E     		.short	7680
 470 0364 003F     		.short	16128
 471 0366 8063     		.short	25472
 472 0368 8061     		.short	24960
 473 036a 8061     		.short	24960
 474 036c 0021     		.short	8448
 475 036e 001E     		.short	7680
 476 0370 003F     		.short	16128
 477 0372 8061     		.short	24960
 478 0374 8061     		.short	24960
 479 0376 8061     		.short	24960
 480 0378 8061     		.short	24960
 481 037a 003F     		.short	16128
 482 037c 001E     		.short	7680
 483 037e 0000     		.short	0
 484 0380 0000     		.short	0
 485 0382 0000     		.short	0
 486 0384 0000     		.short	0
 487 0386 001E     		.short	7680
 488 0388 003F     		.short	16128
 489 038a 0073     		.short	29440
 490 038c 8061     		.short	24960
 491 038e 8061     		.short	24960
 492 0390 8061     		.short	24960
 493 0392 8073     		.short	29568
 494 0394 803F     		.short	16256
 495 0396 801D     		.short	7552
 496 0398 8001     		.short	384
 497 039a 8061     		.short	24960
 498 039c 0073     		.short	29440
 499 039e 003F     		.short	16128
 500 03a0 001E     		.short	7680
 501 03a2 0000     		.short	0
 502 03a4 0000     		.short	0
 503 03a6 0000     		.short	0
 504 03a8 0000     		.short	0
 505 03aa 0000     		.short	0
 506 03ac 0000     		.short	0
 507 03ae 0000     		.short	0
 508 03b0 0000     		.short	0
 509 03b2 000C     		.short	3072
 510 03b4 000C     		.short	3072
 511 03b6 0000     		.short	0
 512 03b8 0000     		.short	0
 513 03ba 0000     		.short	0
 514 03bc 0000     		.short	0
 515 03be 0000     		.short	0
 516 03c0 0000     		.short	0
 517 03c2 000C     		.short	3072
ARM GAS  /tmp/cc0Hs7Ge.s 			page 10


 518 03c4 000C     		.short	3072
 519 03c6 0000     		.short	0
 520 03c8 0000     		.short	0
 521 03ca 0000     		.short	0
 522 03cc 0000     		.short	0
 523 03ce 0000     		.short	0
 524 03d0 0000     		.short	0
 525 03d2 0000     		.short	0
 526 03d4 0000     		.short	0
 527 03d6 0000     		.short	0
 528 03d8 000C     		.short	3072
 529 03da 000C     		.short	3072
 530 03dc 0000     		.short	0
 531 03de 0000     		.short	0
 532 03e0 0000     		.short	0
 533 03e2 0000     		.short	0
 534 03e4 0000     		.short	0
 535 03e6 000C     		.short	3072
 536 03e8 000C     		.short	3072
 537 03ea 0004     		.short	1024
 538 03ec 0004     		.short	1024
 539 03ee 0008     		.short	2048
 540 03f0 0000     		.short	0
 541 03f2 0000     		.short	0
 542 03f4 0000     		.short	0
 543 03f6 0000     		.short	0
 544 03f8 8000     		.short	128
 545 03fa 8003     		.short	896
 546 03fc 000E     		.short	3584
 547 03fe 0038     		.short	14336
 548 0400 0060     		.short	24576
 549 0402 0038     		.short	14336
 550 0404 000E     		.short	3584
 551 0406 8003     		.short	896
 552 0408 8000     		.short	128
 553 040a 0000     		.short	0
 554 040c 0000     		.short	0
 555 040e 0000     		.short	0
 556 0410 0000     		.short	0
 557 0412 0000     		.short	0
 558 0414 0000     		.short	0
 559 0416 0000     		.short	0
 560 0418 0000     		.short	0
 561 041a 0000     		.short	0
 562 041c 0000     		.short	0
 563 041e 807F     		.short	32640
 564 0420 807F     		.short	32640
 565 0422 0000     		.short	0
 566 0424 0000     		.short	0
 567 0426 807F     		.short	32640
 568 0428 807F     		.short	32640
 569 042a 0000     		.short	0
 570 042c 0000     		.short	0
 571 042e 0000     		.short	0
 572 0430 0000     		.short	0
 573 0432 0000     		.short	0
 574 0434 0000     		.short	0
ARM GAS  /tmp/cc0Hs7Ge.s 			page 11


 575 0436 0000     		.short	0
 576 0438 0000     		.short	0
 577 043a 0000     		.short	0
 578 043c 0000     		.short	0
 579 043e 0000     		.short	0
 580 0440 0040     		.short	16384
 581 0442 0070     		.short	28672
 582 0444 001C     		.short	7168
 583 0446 0007     		.short	1792
 584 0448 8001     		.short	384
 585 044a 0007     		.short	1792
 586 044c 001C     		.short	7168
 587 044e 0070     		.short	28672
 588 0450 0040     		.short	16384
 589 0452 0000     		.short	0
 590 0454 0000     		.short	0
 591 0456 0000     		.short	0
 592 0458 0000     		.short	0
 593 045a 0000     		.short	0
 594 045c 0000     		.short	0
 595 045e 001F     		.short	7936
 596 0460 803F     		.short	16256
 597 0462 C071     		.short	29120
 598 0464 C060     		.short	24768
 599 0466 C000     		.short	192
 600 0468 C001     		.short	448
 601 046a 8003     		.short	896
 602 046c 0007     		.short	1792
 603 046e 000E     		.short	3584
 604 0470 000C     		.short	3072
 605 0472 000C     		.short	3072
 606 0474 0000     		.short	0
 607 0476 000C     		.short	3072
 608 0478 000C     		.short	3072
 609 047a 0000     		.short	0
 610 047c 0000     		.short	0
 611 047e 0000     		.short	0
 612 0480 0000     		.short	0
 613 0482 001E     		.short	7680
 614 0484 003F     		.short	16128
 615 0486 8031     		.short	12672
 616 0488 8071     		.short	29056
 617 048a 8063     		.short	25472
 618 048c 806F     		.short	28544
 619 048e 806D     		.short	28032
 620 0490 806D     		.short	28032
 621 0492 806F     		.short	28544
 622 0494 8067     		.short	26496
 623 0496 0060     		.short	24576
 624 0498 0032     		.short	12800
 625 049a 003E     		.short	15872
 626 049c 001C     		.short	7168
 627 049e 0000     		.short	0
 628 04a0 0000     		.short	0
 629 04a2 0000     		.short	0
 630 04a4 0000     		.short	0
 631 04a6 000E     		.short	3584
ARM GAS  /tmp/cc0Hs7Ge.s 			page 12


 632 04a8 000E     		.short	3584
 633 04aa 001B     		.short	6912
 634 04ac 001B     		.short	6912
 635 04ae 001B     		.short	6912
 636 04b0 001B     		.short	6912
 637 04b2 8031     		.short	12672
 638 04b4 8031     		.short	12672
 639 04b6 803F     		.short	16256
 640 04b8 803F     		.short	16256
 641 04ba 8031     		.short	12672
 642 04bc C060     		.short	24768
 643 04be C060     		.short	24768
 644 04c0 C060     		.short	24768
 645 04c2 0000     		.short	0
 646 04c4 0000     		.short	0
 647 04c6 0000     		.short	0
 648 04c8 0000     		.short	0
 649 04ca 007C     		.short	31744
 650 04cc 007E     		.short	32256
 651 04ce 0063     		.short	25344
 652 04d0 0063     		.short	25344
 653 04d2 0063     		.short	25344
 654 04d4 0063     		.short	25344
 655 04d6 007E     		.short	32256
 656 04d8 007E     		.short	32256
 657 04da 0063     		.short	25344
 658 04dc 8061     		.short	24960
 659 04de 8061     		.short	24960
 660 04e0 8063     		.short	25472
 661 04e2 007F     		.short	32512
 662 04e4 007E     		.short	32256
 663 04e6 0000     		.short	0
 664 04e8 0000     		.short	0
 665 04ea 0000     		.short	0
 666 04ec 0000     		.short	0
 667 04ee 001E     		.short	7680
 668 04f0 003F     		.short	16128
 669 04f2 8031     		.short	12672
 670 04f4 8061     		.short	24960
 671 04f6 0060     		.short	24576
 672 04f8 0060     		.short	24576
 673 04fa 0060     		.short	24576
 674 04fc 0060     		.short	24576
 675 04fe 0060     		.short	24576
 676 0500 0060     		.short	24576
 677 0502 8061     		.short	24960
 678 0504 8031     		.short	12672
 679 0506 003F     		.short	16128
 680 0508 001E     		.short	7680
 681 050a 0000     		.short	0
 682 050c 0000     		.short	0
 683 050e 0000     		.short	0
 684 0510 0000     		.short	0
 685 0512 007C     		.short	31744
 686 0514 007F     		.short	32512
 687 0516 0063     		.short	25344
 688 0518 8063     		.short	25472
ARM GAS  /tmp/cc0Hs7Ge.s 			page 13


 689 051a 8061     		.short	24960
 690 051c 8061     		.short	24960
 691 051e 8061     		.short	24960
 692 0520 8061     		.short	24960
 693 0522 8061     		.short	24960
 694 0524 8061     		.short	24960
 695 0526 0063     		.short	25344
 696 0528 0063     		.short	25344
 697 052a 007E     		.short	32256
 698 052c 007C     		.short	31744
 699 052e 0000     		.short	0
 700 0530 0000     		.short	0
 701 0532 0000     		.short	0
 702 0534 0000     		.short	0
 703 0536 807F     		.short	32640
 704 0538 807F     		.short	32640
 705 053a 0060     		.short	24576
 706 053c 0060     		.short	24576
 707 053e 0060     		.short	24576
 708 0540 0060     		.short	24576
 709 0542 007F     		.short	32512
 710 0544 007F     		.short	32512
 711 0546 0060     		.short	24576
 712 0548 0060     		.short	24576
 713 054a 0060     		.short	24576
 714 054c 0060     		.short	24576
 715 054e 807F     		.short	32640
 716 0550 807F     		.short	32640
 717 0552 0000     		.short	0
 718 0554 0000     		.short	0
 719 0556 0000     		.short	0
 720 0558 0000     		.short	0
 721 055a 807F     		.short	32640
 722 055c 807F     		.short	32640
 723 055e 0060     		.short	24576
 724 0560 0060     		.short	24576
 725 0562 0060     		.short	24576
 726 0564 0060     		.short	24576
 727 0566 007F     		.short	32512
 728 0568 007F     		.short	32512
 729 056a 0060     		.short	24576
 730 056c 0060     		.short	24576
 731 056e 0060     		.short	24576
 732 0570 0060     		.short	24576
 733 0572 0060     		.short	24576
 734 0574 0060     		.short	24576
 735 0576 0000     		.short	0
 736 0578 0000     		.short	0
 737 057a 0000     		.short	0
 738 057c 0000     		.short	0
 739 057e 001E     		.short	7680
 740 0580 003F     		.short	16128
 741 0582 8031     		.short	12672
 742 0584 8061     		.short	24960
 743 0586 0060     		.short	24576
 744 0588 0060     		.short	24576
 745 058a 0060     		.short	24576
ARM GAS  /tmp/cc0Hs7Ge.s 			page 14


 746 058c 8063     		.short	25472
 747 058e 8063     		.short	25472
 748 0590 8061     		.short	24960
 749 0592 8061     		.short	24960
 750 0594 8031     		.short	12672
 751 0596 803F     		.short	16256
 752 0598 001E     		.short	7680
 753 059a 0000     		.short	0
 754 059c 0000     		.short	0
 755 059e 0000     		.short	0
 756 05a0 0000     		.short	0
 757 05a2 8061     		.short	24960
 758 05a4 8061     		.short	24960
 759 05a6 8061     		.short	24960
 760 05a8 8061     		.short	24960
 761 05aa 8061     		.short	24960
 762 05ac 8061     		.short	24960
 763 05ae 807F     		.short	32640
 764 05b0 807F     		.short	32640
 765 05b2 8061     		.short	24960
 766 05b4 8061     		.short	24960
 767 05b6 8061     		.short	24960
 768 05b8 8061     		.short	24960
 769 05ba 8061     		.short	24960
 770 05bc 8061     		.short	24960
 771 05be 0000     		.short	0
 772 05c0 0000     		.short	0
 773 05c2 0000     		.short	0
 774 05c4 0000     		.short	0
 775 05c6 003F     		.short	16128
 776 05c8 003F     		.short	16128
 777 05ca 000C     		.short	3072
 778 05cc 000C     		.short	3072
 779 05ce 000C     		.short	3072
 780 05d0 000C     		.short	3072
 781 05d2 000C     		.short	3072
 782 05d4 000C     		.short	3072
 783 05d6 000C     		.short	3072
 784 05d8 000C     		.short	3072
 785 05da 000C     		.short	3072
 786 05dc 000C     		.short	3072
 787 05de 003F     		.short	16128
 788 05e0 003F     		.short	16128
 789 05e2 0000     		.short	0
 790 05e4 0000     		.short	0
 791 05e6 0000     		.short	0
 792 05e8 0000     		.short	0
 793 05ea 8001     		.short	384
 794 05ec 8001     		.short	384
 795 05ee 8001     		.short	384
 796 05f0 8001     		.short	384
 797 05f2 8001     		.short	384
 798 05f4 8001     		.short	384
 799 05f6 8001     		.short	384
 800 05f8 8001     		.short	384
 801 05fa 8001     		.short	384
 802 05fc 8061     		.short	24960
ARM GAS  /tmp/cc0Hs7Ge.s 			page 15


 803 05fe 8061     		.short	24960
 804 0600 8073     		.short	29568
 805 0602 003F     		.short	16128
 806 0604 001E     		.short	7680
 807 0606 0000     		.short	0
 808 0608 0000     		.short	0
 809 060a 0000     		.short	0
 810 060c 0000     		.short	0
 811 060e C060     		.short	24768
 812 0610 8061     		.short	24960
 813 0612 0063     		.short	25344
 814 0614 0066     		.short	26112
 815 0616 0066     		.short	26112
 816 0618 006C     		.short	27648
 817 061a 0078     		.short	30720
 818 061c 007C     		.short	31744
 819 061e 0066     		.short	26112
 820 0620 0066     		.short	26112
 821 0622 0063     		.short	25344
 822 0624 8061     		.short	24960
 823 0626 8061     		.short	24960
 824 0628 C060     		.short	24768
 825 062a 0000     		.short	0
 826 062c 0000     		.short	0
 827 062e 0000     		.short	0
 828 0630 0000     		.short	0
 829 0632 0060     		.short	24576
 830 0634 0060     		.short	24576
 831 0636 0060     		.short	24576
 832 0638 0060     		.short	24576
 833 063a 0060     		.short	24576
 834 063c 0060     		.short	24576
 835 063e 0060     		.short	24576
 836 0640 0060     		.short	24576
 837 0642 0060     		.short	24576
 838 0644 0060     		.short	24576
 839 0646 0060     		.short	24576
 840 0648 0060     		.short	24576
 841 064a 807F     		.short	32640
 842 064c 807F     		.short	32640
 843 064e 0000     		.short	0
 844 0650 0000     		.short	0
 845 0652 0000     		.short	0
 846 0654 0000     		.short	0
 847 0656 C071     		.short	29120
 848 0658 C071     		.short	29120
 849 065a C07B     		.short	31680
 850 065c C07A     		.short	31424
 851 065e C06A     		.short	27328
 852 0660 C06A     		.short	27328
 853 0662 C06E     		.short	28352
 854 0664 C064     		.short	25792
 855 0666 C060     		.short	24768
 856 0668 C060     		.short	24768
 857 066a C060     		.short	24768
 858 066c C060     		.short	24768
 859 066e C060     		.short	24768
ARM GAS  /tmp/cc0Hs7Ge.s 			page 16


 860 0670 C060     		.short	24768
 861 0672 0000     		.short	0
 862 0674 0000     		.short	0
 863 0676 0000     		.short	0
 864 0678 0000     		.short	0
 865 067a 8071     		.short	29056
 866 067c 8071     		.short	29056
 867 067e 8079     		.short	31104
 868 0680 8079     		.short	31104
 869 0682 8079     		.short	31104
 870 0684 806D     		.short	28032
 871 0686 806D     		.short	28032
 872 0688 806D     		.short	28032
 873 068a 8065     		.short	25984
 874 068c 8067     		.short	26496
 875 068e 8067     		.short	26496
 876 0690 8067     		.short	26496
 877 0692 8063     		.short	25472
 878 0694 8063     		.short	25472
 879 0696 0000     		.short	0
 880 0698 0000     		.short	0
 881 069a 0000     		.short	0
 882 069c 0000     		.short	0
 883 069e 001E     		.short	7680
 884 06a0 003F     		.short	16128
 885 06a2 0033     		.short	13056
 886 06a4 8061     		.short	24960
 887 06a6 8061     		.short	24960
 888 06a8 8061     		.short	24960
 889 06aa 8061     		.short	24960
 890 06ac 8061     		.short	24960
 891 06ae 8061     		.short	24960
 892 06b0 8061     		.short	24960
 893 06b2 8061     		.short	24960
 894 06b4 0033     		.short	13056
 895 06b6 003F     		.short	16128
 896 06b8 001E     		.short	7680
 897 06ba 0000     		.short	0
 898 06bc 0000     		.short	0
 899 06be 0000     		.short	0
 900 06c0 0000     		.short	0
 901 06c2 007E     		.short	32256
 902 06c4 007F     		.short	32512
 903 06c6 8063     		.short	25472
 904 06c8 8061     		.short	24960
 905 06ca 8061     		.short	24960
 906 06cc 8061     		.short	24960
 907 06ce 8063     		.short	25472
 908 06d0 007F     		.short	32512
 909 06d2 007E     		.short	32256
 910 06d4 0060     		.short	24576
 911 06d6 0060     		.short	24576
 912 06d8 0060     		.short	24576
 913 06da 0060     		.short	24576
 914 06dc 0060     		.short	24576
 915 06de 0000     		.short	0
 916 06e0 0000     		.short	0
ARM GAS  /tmp/cc0Hs7Ge.s 			page 17


 917 06e2 0000     		.short	0
 918 06e4 0000     		.short	0
 919 06e6 001E     		.short	7680
 920 06e8 003F     		.short	16128
 921 06ea 0033     		.short	13056
 922 06ec 8061     		.short	24960
 923 06ee 8061     		.short	24960
 924 06f0 8061     		.short	24960
 925 06f2 8061     		.short	24960
 926 06f4 8061     		.short	24960
 927 06f6 8061     		.short	24960
 928 06f8 8065     		.short	25984
 929 06fa 8067     		.short	26496
 930 06fc 0033     		.short	13056
 931 06fe 803F     		.short	16256
 932 0700 401E     		.short	7744
 933 0702 0000     		.short	0
 934 0704 0000     		.short	0
 935 0706 0000     		.short	0
 936 0708 0000     		.short	0
 937 070a 007E     		.short	32256
 938 070c 007F     		.short	32512
 939 070e 8063     		.short	25472
 940 0710 8061     		.short	24960
 941 0712 8061     		.short	24960
 942 0714 8063     		.short	25472
 943 0716 007F     		.short	32512
 944 0718 007E     		.short	32256
 945 071a 0066     		.short	26112
 946 071c 0063     		.short	25344
 947 071e 0063     		.short	25344
 948 0720 8061     		.short	24960
 949 0722 8061     		.short	24960
 950 0724 C060     		.short	24768
 951 0726 0000     		.short	0
 952 0728 0000     		.short	0
 953 072a 0000     		.short	0
 954 072c 0000     		.short	0
 955 072e 000E     		.short	3584
 956 0730 001F     		.short	7936
 957 0732 8031     		.short	12672
 958 0734 8031     		.short	12672
 959 0736 0030     		.short	12288
 960 0738 0038     		.short	14336
 961 073a 001E     		.short	7680
 962 073c 0007     		.short	1792
 963 073e 8003     		.short	896
 964 0740 8061     		.short	24960
 965 0742 8061     		.short	24960
 966 0744 8031     		.short	12672
 967 0746 003F     		.short	16128
 968 0748 001E     		.short	7680
 969 074a 0000     		.short	0
 970 074c 0000     		.short	0
 971 074e 0000     		.short	0
 972 0750 0000     		.short	0
 973 0752 C0FF     		.short	-64
ARM GAS  /tmp/cc0Hs7Ge.s 			page 18


 974 0754 C0FF     		.short	-64
 975 0756 000C     		.short	3072
 976 0758 000C     		.short	3072
 977 075a 000C     		.short	3072
 978 075c 000C     		.short	3072
 979 075e 000C     		.short	3072
 980 0760 000C     		.short	3072
 981 0762 000C     		.short	3072
 982 0764 000C     		.short	3072
 983 0766 000C     		.short	3072
 984 0768 000C     		.short	3072
 985 076a 000C     		.short	3072
 986 076c 000C     		.short	3072
 987 076e 0000     		.short	0
 988 0770 0000     		.short	0
 989 0772 0000     		.short	0
 990 0774 0000     		.short	0
 991 0776 8061     		.short	24960
 992 0778 8061     		.short	24960
 993 077a 8061     		.short	24960
 994 077c 8061     		.short	24960
 995 077e 8061     		.short	24960
 996 0780 8061     		.short	24960
 997 0782 8061     		.short	24960
 998 0784 8061     		.short	24960
 999 0786 8061     		.short	24960
 1000 0788 8061     		.short	24960
 1001 078a 8061     		.short	24960
 1002 078c 8073     		.short	29568
 1003 078e 003F     		.short	16128
 1004 0790 001E     		.short	7680
 1005 0792 0000     		.short	0
 1006 0794 0000     		.short	0
 1007 0796 0000     		.short	0
 1008 0798 0000     		.short	0
 1009 079a C060     		.short	24768
 1010 079c C060     		.short	24768
 1011 079e C060     		.short	24768
 1012 07a0 8031     		.short	12672
 1013 07a2 8031     		.short	12672
 1014 07a4 8031     		.short	12672
 1015 07a6 001B     		.short	6912
 1016 07a8 001B     		.short	6912
 1017 07aa 001B     		.short	6912
 1018 07ac 001B     		.short	6912
 1019 07ae 000E     		.short	3584
 1020 07b0 000E     		.short	3584
 1021 07b2 000E     		.short	3584
 1022 07b4 0004     		.short	1024
 1023 07b6 0000     		.short	0
 1024 07b8 0000     		.short	0
 1025 07ba 0000     		.short	0
 1026 07bc 0000     		.short	0
 1027 07be C0C0     		.short	-16192
 1028 07c0 C0C0     		.short	-16192
 1029 07c2 C0C0     		.short	-16192
 1030 07c4 C0C0     		.short	-16192
ARM GAS  /tmp/cc0Hs7Ge.s 			page 19


 1031 07c6 C0C0     		.short	-16192
 1032 07c8 C0CC     		.short	-13120
 1033 07ca 804C     		.short	19584
 1034 07cc 804C     		.short	19584
 1035 07ce 805E     		.short	24192
 1036 07d0 8052     		.short	21120
 1037 07d2 8052     		.short	21120
 1038 07d4 8073     		.short	29568
 1039 07d6 8061     		.short	24960
 1040 07d8 8061     		.short	24960
 1041 07da 0000     		.short	0
 1042 07dc 0000     		.short	0
 1043 07de 0000     		.short	0
 1044 07e0 0000     		.short	0
 1045 07e2 C0C0     		.short	-16192
 1046 07e4 8060     		.short	24704
 1047 07e6 8061     		.short	24960
 1048 07e8 0033     		.short	13056
 1049 07ea 003B     		.short	15104
 1050 07ec 001E     		.short	7680
 1051 07ee 000C     		.short	3072
 1052 07f0 000C     		.short	3072
 1053 07f2 001E     		.short	7680
 1054 07f4 001F     		.short	7936
 1055 07f6 003B     		.short	15104
 1056 07f8 8071     		.short	29056
 1057 07fa 8061     		.short	24960
 1058 07fc C0C0     		.short	-16192
 1059 07fe 0000     		.short	0
 1060 0800 0000     		.short	0
 1061 0802 0000     		.short	0
 1062 0804 0000     		.short	0
 1063 0806 C0C0     		.short	-16192
 1064 0808 8061     		.short	24960
 1065 080a 8061     		.short	24960
 1066 080c 0033     		.short	13056
 1067 080e 0033     		.short	13056
 1068 0810 001E     		.short	7680
 1069 0812 001E     		.short	7680
 1070 0814 000C     		.short	3072
 1071 0816 000C     		.short	3072
 1072 0818 000C     		.short	3072
 1073 081a 000C     		.short	3072
 1074 081c 000C     		.short	3072
 1075 081e 000C     		.short	3072
 1076 0820 000C     		.short	3072
 1077 0822 0000     		.short	0
 1078 0824 0000     		.short	0
 1079 0826 0000     		.short	0
 1080 0828 0000     		.short	0
 1081 082a 803F     		.short	16256
 1082 082c 803F     		.short	16256
 1083 082e 8001     		.short	384
 1084 0830 0003     		.short	768
 1085 0832 0003     		.short	768
 1086 0834 0006     		.short	1536
 1087 0836 000C     		.short	3072
ARM GAS  /tmp/cc0Hs7Ge.s 			page 20


 1088 0838 000C     		.short	3072
 1089 083a 0018     		.short	6144
 1090 083c 0018     		.short	6144
 1091 083e 0030     		.short	12288
 1092 0840 0060     		.short	24576
 1093 0842 807F     		.short	32640
 1094 0844 807F     		.short	32640
 1095 0846 0000     		.short	0
 1096 0848 0000     		.short	0
 1097 084a 0000     		.short	0
 1098 084c 000F     		.short	3840
 1099 084e 000F     		.short	3840
 1100 0850 000C     		.short	3072
 1101 0852 000C     		.short	3072
 1102 0854 000C     		.short	3072
 1103 0856 000C     		.short	3072
 1104 0858 000C     		.short	3072
 1105 085a 000C     		.short	3072
 1106 085c 000C     		.short	3072
 1107 085e 000C     		.short	3072
 1108 0860 000C     		.short	3072
 1109 0862 000C     		.short	3072
 1110 0864 000C     		.short	3072
 1111 0866 000C     		.short	3072
 1112 0868 000C     		.short	3072
 1113 086a 000C     		.short	3072
 1114 086c 000F     		.short	3840
 1115 086e 000F     		.short	3840
 1116 0870 0000     		.short	0
 1117 0872 0018     		.short	6144
 1118 0874 0018     		.short	6144
 1119 0876 0018     		.short	6144
 1120 0878 000C     		.short	3072
 1121 087a 000C     		.short	3072
 1122 087c 000C     		.short	3072
 1123 087e 000C     		.short	3072
 1124 0880 0006     		.short	1536
 1125 0882 0006     		.short	1536
 1126 0884 0006     		.short	1536
 1127 0886 0006     		.short	1536
 1128 0888 0003     		.short	768
 1129 088a 0003     		.short	768
 1130 088c 0003     		.short	768
 1131 088e 0000     		.short	0
 1132 0890 0000     		.short	0
 1133 0892 0000     		.short	0
 1134 0894 001E     		.short	7680
 1135 0896 001E     		.short	7680
 1136 0898 0006     		.short	1536
 1137 089a 0006     		.short	1536
 1138 089c 0006     		.short	1536
 1139 089e 0006     		.short	1536
 1140 08a0 0006     		.short	1536
 1141 08a2 0006     		.short	1536
 1142 08a4 0006     		.short	1536
 1143 08a6 0006     		.short	1536
 1144 08a8 0006     		.short	1536
ARM GAS  /tmp/cc0Hs7Ge.s 			page 21


 1145 08aa 0006     		.short	1536
 1146 08ac 0006     		.short	1536
 1147 08ae 0006     		.short	1536
 1148 08b0 0006     		.short	1536
 1149 08b2 0006     		.short	1536
 1150 08b4 001E     		.short	7680
 1151 08b6 001E     		.short	7680
 1152 08b8 0000     		.short	0
 1153 08ba 000C     		.short	3072
 1154 08bc 000C     		.short	3072
 1155 08be 001E     		.short	7680
 1156 08c0 0012     		.short	4608
 1157 08c2 0033     		.short	13056
 1158 08c4 0033     		.short	13056
 1159 08c6 8061     		.short	24960
 1160 08c8 8061     		.short	24960
 1161 08ca 0000     		.short	0
 1162 08cc 0000     		.short	0
 1163 08ce 0000     		.short	0
 1164 08d0 0000     		.short	0
 1165 08d2 0000     		.short	0
 1166 08d4 0000     		.short	0
 1167 08d6 0000     		.short	0
 1168 08d8 0000     		.short	0
 1169 08da 0000     		.short	0
 1170 08dc 0000     		.short	0
 1171 08de 0000     		.short	0
 1172 08e0 0000     		.short	0
 1173 08e2 0000     		.short	0
 1174 08e4 0000     		.short	0
 1175 08e6 0000     		.short	0
 1176 08e8 0000     		.short	0
 1177 08ea 0000     		.short	0
 1178 08ec 0000     		.short	0
 1179 08ee 0000     		.short	0
 1180 08f0 0000     		.short	0
 1181 08f2 0000     		.short	0
 1182 08f4 0000     		.short	0
 1183 08f6 0000     		.short	0
 1184 08f8 0000     		.short	0
 1185 08fa 0000     		.short	0
 1186 08fc E0FF     		.short	-32
 1187 08fe 0000     		.short	0
 1188 0900 0000     		.short	0
 1189 0902 0038     		.short	14336
 1190 0904 0018     		.short	6144
 1191 0906 000C     		.short	3072
 1192 0908 0000     		.short	0
 1193 090a 0000     		.short	0
 1194 090c 0000     		.short	0
 1195 090e 0000     		.short	0
 1196 0910 0000     		.short	0
 1197 0912 0000     		.short	0
 1198 0914 0000     		.short	0
 1199 0916 0000     		.short	0
 1200 0918 0000     		.short	0
 1201 091a 0000     		.short	0
ARM GAS  /tmp/cc0Hs7Ge.s 			page 22


 1202 091c 0000     		.short	0
 1203 091e 0000     		.short	0
 1204 0920 0000     		.short	0
 1205 0922 0000     		.short	0
 1206 0924 0000     		.short	0
 1207 0926 0000     		.short	0
 1208 0928 0000     		.short	0
 1209 092a 0000     		.short	0
 1210 092c 0000     		.short	0
 1211 092e 001F     		.short	7936
 1212 0930 803F     		.short	16256
 1213 0932 8061     		.short	24960
 1214 0934 8001     		.short	384
 1215 0936 801F     		.short	8064
 1216 0938 803F     		.short	16256
 1217 093a 8061     		.short	24960
 1218 093c 8063     		.short	25472
 1219 093e 807F     		.short	32640
 1220 0940 C038     		.short	14528
 1221 0942 0000     		.short	0
 1222 0944 0000     		.short	0
 1223 0946 0000     		.short	0
 1224 0948 0000     		.short	0
 1225 094a 0060     		.short	24576
 1226 094c 0060     		.short	24576
 1227 094e 0060     		.short	24576
 1228 0950 0060     		.short	24576
 1229 0952 006E     		.short	28160
 1230 0954 007F     		.short	32512
 1231 0956 8073     		.short	29568
 1232 0958 8061     		.short	24960
 1233 095a 8061     		.short	24960
 1234 095c 8061     		.short	24960
 1235 095e 8061     		.short	24960
 1236 0960 8073     		.short	29568
 1237 0962 007F     		.short	32512
 1238 0964 006E     		.short	28160
 1239 0966 0000     		.short	0
 1240 0968 0000     		.short	0
 1241 096a 0000     		.short	0
 1242 096c 0000     		.short	0
 1243 096e 0000     		.short	0
 1244 0970 0000     		.short	0
 1245 0972 0000     		.short	0
 1246 0974 0000     		.short	0
 1247 0976 001E     		.short	7680
 1248 0978 003F     		.short	16128
 1249 097a 8073     		.short	29568
 1250 097c 8061     		.short	24960
 1251 097e 0060     		.short	24576
 1252 0980 0060     		.short	24576
 1253 0982 8061     		.short	24960
 1254 0984 8073     		.short	29568
 1255 0986 003F     		.short	16128
 1256 0988 001E     		.short	7680
 1257 098a 0000     		.short	0
 1258 098c 0000     		.short	0
ARM GAS  /tmp/cc0Hs7Ge.s 			page 23


 1259 098e 0000     		.short	0
 1260 0990 0000     		.short	0
 1261 0992 8001     		.short	384
 1262 0994 8001     		.short	384
 1263 0996 8001     		.short	384
 1264 0998 8001     		.short	384
 1265 099a 801D     		.short	7552
 1266 099c 803F     		.short	16256
 1267 099e 8073     		.short	29568
 1268 09a0 8061     		.short	24960
 1269 09a2 8061     		.short	24960
 1270 09a4 8061     		.short	24960
 1271 09a6 8061     		.short	24960
 1272 09a8 8073     		.short	29568
 1273 09aa 803F     		.short	16256
 1274 09ac 801D     		.short	7552
 1275 09ae 0000     		.short	0
 1276 09b0 0000     		.short	0
 1277 09b2 0000     		.short	0
 1278 09b4 0000     		.short	0
 1279 09b6 0000     		.short	0
 1280 09b8 0000     		.short	0
 1281 09ba 0000     		.short	0
 1282 09bc 0000     		.short	0
 1283 09be 001E     		.short	7680
 1284 09c0 003F     		.short	16128
 1285 09c2 0073     		.short	29440
 1286 09c4 8061     		.short	24960
 1287 09c6 807F     		.short	32640
 1288 09c8 807F     		.short	32640
 1289 09ca 0060     		.short	24576
 1290 09cc 8071     		.short	29056
 1291 09ce 003F     		.short	16128
 1292 09d0 001E     		.short	7680
 1293 09d2 0000     		.short	0
 1294 09d4 0000     		.short	0
 1295 09d6 0000     		.short	0
 1296 09d8 0000     		.short	0
 1297 09da C007     		.short	1984
 1298 09dc C00F     		.short	4032
 1299 09de 000C     		.short	3072
 1300 09e0 000C     		.short	3072
 1301 09e2 807F     		.short	32640
 1302 09e4 807F     		.short	32640
 1303 09e6 000C     		.short	3072
 1304 09e8 000C     		.short	3072
 1305 09ea 000C     		.short	3072
 1306 09ec 000C     		.short	3072
 1307 09ee 000C     		.short	3072
 1308 09f0 000C     		.short	3072
 1309 09f2 000C     		.short	3072
 1310 09f4 000C     		.short	3072
 1311 09f6 0000     		.short	0
 1312 09f8 0000     		.short	0
 1313 09fa 0000     		.short	0
 1314 09fc 0000     		.short	0
 1315 09fe 0000     		.short	0
ARM GAS  /tmp/cc0Hs7Ge.s 			page 24


 1316 0a00 0000     		.short	0
 1317 0a02 0000     		.short	0
 1318 0a04 801D     		.short	7552
 1319 0a06 803F     		.short	16256
 1320 0a08 8073     		.short	29568
 1321 0a0a 8061     		.short	24960
 1322 0a0c 8061     		.short	24960
 1323 0a0e 8061     		.short	24960
 1324 0a10 8061     		.short	24960
 1325 0a12 8073     		.short	29568
 1326 0a14 803F     		.short	16256
 1327 0a16 801D     		.short	7552
 1328 0a18 8001     		.short	384
 1329 0a1a 8063     		.short	25472
 1330 0a1c 007F     		.short	32512
 1331 0a1e 003E     		.short	15872
 1332 0a20 0000     		.short	0
 1333 0a22 0060     		.short	24576
 1334 0a24 0060     		.short	24576
 1335 0a26 0060     		.short	24576
 1336 0a28 0060     		.short	24576
 1337 0a2a 006F     		.short	28416
 1338 0a2c 807F     		.short	32640
 1339 0a2e 8071     		.short	29056
 1340 0a30 8061     		.short	24960
 1341 0a32 8061     		.short	24960
 1342 0a34 8061     		.short	24960
 1343 0a36 8061     		.short	24960
 1344 0a38 8061     		.short	24960
 1345 0a3a 8061     		.short	24960
 1346 0a3c 8061     		.short	24960
 1347 0a3e 0000     		.short	0
 1348 0a40 0000     		.short	0
 1349 0a42 0000     		.short	0
 1350 0a44 0000     		.short	0
 1351 0a46 0006     		.short	1536
 1352 0a48 0006     		.short	1536
 1353 0a4a 0000     		.short	0
 1354 0a4c 0000     		.short	0
 1355 0a4e 003E     		.short	15872
 1356 0a50 003E     		.short	15872
 1357 0a52 0006     		.short	1536
 1358 0a54 0006     		.short	1536
 1359 0a56 0006     		.short	1536
 1360 0a58 0006     		.short	1536
 1361 0a5a 0006     		.short	1536
 1362 0a5c 0006     		.short	1536
 1363 0a5e 0006     		.short	1536
 1364 0a60 0006     		.short	1536
 1365 0a62 0000     		.short	0
 1366 0a64 0000     		.short	0
 1367 0a66 0000     		.short	0
 1368 0a68 0006     		.short	1536
 1369 0a6a 0006     		.short	1536
 1370 0a6c 0000     		.short	0
 1371 0a6e 0000     		.short	0
 1372 0a70 003E     		.short	15872
ARM GAS  /tmp/cc0Hs7Ge.s 			page 25


 1373 0a72 003E     		.short	15872
 1374 0a74 0006     		.short	1536
 1375 0a76 0006     		.short	1536
 1376 0a78 0006     		.short	1536
 1377 0a7a 0006     		.short	1536
 1378 0a7c 0006     		.short	1536
 1379 0a7e 0006     		.short	1536
 1380 0a80 0006     		.short	1536
 1381 0a82 0006     		.short	1536
 1382 0a84 0006     		.short	1536
 1383 0a86 0046     		.short	17920
 1384 0a88 007E     		.short	32256
 1385 0a8a 003C     		.short	15360
 1386 0a8c 0000     		.short	0
 1387 0a8e 0060     		.short	24576
 1388 0a90 0060     		.short	24576
 1389 0a92 0060     		.short	24576
 1390 0a94 0060     		.short	24576
 1391 0a96 8061     		.short	24960
 1392 0a98 0063     		.short	25344
 1393 0a9a 0066     		.short	26112
 1394 0a9c 006C     		.short	27648
 1395 0a9e 007C     		.short	31744
 1396 0aa0 0076     		.short	30208
 1397 0aa2 0063     		.short	25344
 1398 0aa4 0063     		.short	25344
 1399 0aa6 8061     		.short	24960
 1400 0aa8 C060     		.short	24768
 1401 0aaa 0000     		.short	0
 1402 0aac 0000     		.short	0
 1403 0aae 0000     		.short	0
 1404 0ab0 0000     		.short	0
 1405 0ab2 003E     		.short	15872
 1406 0ab4 003E     		.short	15872
 1407 0ab6 0006     		.short	1536
 1408 0ab8 0006     		.short	1536
 1409 0aba 0006     		.short	1536
 1410 0abc 0006     		.short	1536
 1411 0abe 0006     		.short	1536
 1412 0ac0 0006     		.short	1536
 1413 0ac2 0006     		.short	1536
 1414 0ac4 0006     		.short	1536
 1415 0ac6 0006     		.short	1536
 1416 0ac8 0006     		.short	1536
 1417 0aca 0006     		.short	1536
 1418 0acc 0006     		.short	1536
 1419 0ace 0000     		.short	0
 1420 0ad0 0000     		.short	0
 1421 0ad2 0000     		.short	0
 1422 0ad4 0000     		.short	0
 1423 0ad6 0000     		.short	0
 1424 0ad8 0000     		.short	0
 1425 0ada 0000     		.short	0
 1426 0adc 0000     		.short	0
 1427 0ade 80DD     		.short	-8832
 1428 0ae0 C0FF     		.short	-64
 1429 0ae2 C0CE     		.short	-12608
ARM GAS  /tmp/cc0Hs7Ge.s 			page 26


 1430 0ae4 C0CC     		.short	-13120
 1431 0ae6 C0CC     		.short	-13120
 1432 0ae8 C0CC     		.short	-13120
 1433 0aea C0CC     		.short	-13120
 1434 0aec C0CC     		.short	-13120
 1435 0aee C0CC     		.short	-13120
 1436 0af0 C0CC     		.short	-13120
 1437 0af2 0000     		.short	0
 1438 0af4 0000     		.short	0
 1439 0af6 0000     		.short	0
 1440 0af8 0000     		.short	0
 1441 0afa 0000     		.short	0
 1442 0afc 0000     		.short	0
 1443 0afe 0000     		.short	0
 1444 0b00 0000     		.short	0
 1445 0b02 006F     		.short	28416
 1446 0b04 807F     		.short	32640
 1447 0b06 8071     		.short	29056
 1448 0b08 8061     		.short	24960
 1449 0b0a 8061     		.short	24960
 1450 0b0c 8061     		.short	24960
 1451 0b0e 8061     		.short	24960
 1452 0b10 8061     		.short	24960
 1453 0b12 8061     		.short	24960
 1454 0b14 8061     		.short	24960
 1455 0b16 0000     		.short	0
 1456 0b18 0000     		.short	0
 1457 0b1a 0000     		.short	0
 1458 0b1c 0000     		.short	0
 1459 0b1e 0000     		.short	0
 1460 0b20 0000     		.short	0
 1461 0b22 0000     		.short	0
 1462 0b24 0000     		.short	0
 1463 0b26 001E     		.short	7680
 1464 0b28 003F     		.short	16128
 1465 0b2a 8073     		.short	29568
 1466 0b2c 8061     		.short	24960
 1467 0b2e 8061     		.short	24960
 1468 0b30 8061     		.short	24960
 1469 0b32 8061     		.short	24960
 1470 0b34 8073     		.short	29568
 1471 0b36 003F     		.short	16128
 1472 0b38 001E     		.short	7680
 1473 0b3a 0000     		.short	0
 1474 0b3c 0000     		.short	0
 1475 0b3e 0000     		.short	0
 1476 0b40 0000     		.short	0
 1477 0b42 0000     		.short	0
 1478 0b44 0000     		.short	0
 1479 0b46 0000     		.short	0
 1480 0b48 006E     		.short	28160
 1481 0b4a 007F     		.short	32512
 1482 0b4c 8073     		.short	29568
 1483 0b4e 8061     		.short	24960
 1484 0b50 8061     		.short	24960
 1485 0b52 8061     		.short	24960
 1486 0b54 8061     		.short	24960
ARM GAS  /tmp/cc0Hs7Ge.s 			page 27


 1487 0b56 8073     		.short	29568
 1488 0b58 007F     		.short	32512
 1489 0b5a 006E     		.short	28160
 1490 0b5c 0060     		.short	24576
 1491 0b5e 0060     		.short	24576
 1492 0b60 0060     		.short	24576
 1493 0b62 0060     		.short	24576
 1494 0b64 0000     		.short	0
 1495 0b66 0000     		.short	0
 1496 0b68 0000     		.short	0
 1497 0b6a 0000     		.short	0
 1498 0b6c 801D     		.short	7552
 1499 0b6e 803F     		.short	16256
 1500 0b70 8073     		.short	29568
 1501 0b72 8061     		.short	24960
 1502 0b74 8061     		.short	24960
 1503 0b76 8061     		.short	24960
 1504 0b78 8061     		.short	24960
 1505 0b7a 8073     		.short	29568
 1506 0b7c 803F     		.short	16256
 1507 0b7e 801D     		.short	7552
 1508 0b80 8001     		.short	384
 1509 0b82 8001     		.short	384
 1510 0b84 8001     		.short	384
 1511 0b86 8001     		.short	384
 1512 0b88 0000     		.short	0
 1513 0b8a 0000     		.short	0
 1514 0b8c 0000     		.short	0
 1515 0b8e 0000     		.short	0
 1516 0b90 0000     		.short	0
 1517 0b92 0067     		.short	26368
 1518 0b94 803F     		.short	16256
 1519 0b96 0039     		.short	14592
 1520 0b98 0030     		.short	12288
 1521 0b9a 0030     		.short	12288
 1522 0b9c 0030     		.short	12288
 1523 0b9e 0030     		.short	12288
 1524 0ba0 0030     		.short	12288
 1525 0ba2 0030     		.short	12288
 1526 0ba4 0030     		.short	12288
 1527 0ba6 0000     		.short	0
 1528 0ba8 0000     		.short	0
 1529 0baa 0000     		.short	0
 1530 0bac 0000     		.short	0
 1531 0bae 0000     		.short	0
 1532 0bb0 0000     		.short	0
 1533 0bb2 0000     		.short	0
 1534 0bb4 0000     		.short	0
 1535 0bb6 001E     		.short	7680
 1536 0bb8 803F     		.short	16256
 1537 0bba 8061     		.short	24960
 1538 0bbc 0060     		.short	24576
 1539 0bbe 007F     		.short	32512
 1540 0bc0 803F     		.short	16256
 1541 0bc2 8001     		.short	384
 1542 0bc4 8061     		.short	24960
 1543 0bc6 007F     		.short	32512
ARM GAS  /tmp/cc0Hs7Ge.s 			page 28


 1544 0bc8 001E     		.short	7680
 1545 0bca 0000     		.short	0
 1546 0bcc 0000     		.short	0
 1547 0bce 0000     		.short	0
 1548 0bd0 0000     		.short	0
 1549 0bd2 0000     		.short	0
 1550 0bd4 0008     		.short	2048
 1551 0bd6 0018     		.short	6144
 1552 0bd8 0018     		.short	6144
 1553 0bda 007F     		.short	32512
 1554 0bdc 007F     		.short	32512
 1555 0bde 0018     		.short	6144
 1556 0be0 0018     		.short	6144
 1557 0be2 0018     		.short	6144
 1558 0be4 0018     		.short	6144
 1559 0be6 0018     		.short	6144
 1560 0be8 0018     		.short	6144
 1561 0bea 801F     		.short	8064
 1562 0bec 800F     		.short	3968
 1563 0bee 0000     		.short	0
 1564 0bf0 0000     		.short	0
 1565 0bf2 0000     		.short	0
 1566 0bf4 0000     		.short	0
 1567 0bf6 0000     		.short	0
 1568 0bf8 0000     		.short	0
 1569 0bfa 0000     		.short	0
 1570 0bfc 0000     		.short	0
 1571 0bfe 8061     		.short	24960
 1572 0c00 8061     		.short	24960
 1573 0c02 8061     		.short	24960
 1574 0c04 8061     		.short	24960
 1575 0c06 8061     		.short	24960
 1576 0c08 8061     		.short	24960
 1577 0c0a 8061     		.short	24960
 1578 0c0c 8063     		.short	25472
 1579 0c0e 807F     		.short	32640
 1580 0c10 803D     		.short	15744
 1581 0c12 0000     		.short	0
 1582 0c14 0000     		.short	0
 1583 0c16 0000     		.short	0
 1584 0c18 0000     		.short	0
 1585 0c1a 0000     		.short	0
 1586 0c1c 0000     		.short	0
 1587 0c1e 0000     		.short	0
 1588 0c20 0000     		.short	0
 1589 0c22 C060     		.short	24768
 1590 0c24 8031     		.short	12672
 1591 0c26 8031     		.short	12672
 1592 0c28 8031     		.short	12672
 1593 0c2a 001B     		.short	6912
 1594 0c2c 001B     		.short	6912
 1595 0c2e 001B     		.short	6912
 1596 0c30 000E     		.short	3584
 1597 0c32 000E     		.short	3584
 1598 0c34 0006     		.short	1536
 1599 0c36 0000     		.short	0
 1600 0c38 0000     		.short	0
ARM GAS  /tmp/cc0Hs7Ge.s 			page 29


 1601 0c3a 0000     		.short	0
 1602 0c3c 0000     		.short	0
 1603 0c3e 0000     		.short	0
 1604 0c40 0000     		.short	0
 1605 0c42 0000     		.short	0
 1606 0c44 0000     		.short	0
 1607 0c46 80DD     		.short	-8832
 1608 0c48 80DD     		.short	-8832
 1609 0c4a 80DD     		.short	-8832
 1610 0c4c 0055     		.short	21760
 1611 0c4e 0055     		.short	21760
 1612 0c50 0055     		.short	21760
 1613 0c52 0077     		.short	30464
 1614 0c54 0077     		.short	30464
 1615 0c56 0022     		.short	8704
 1616 0c58 0022     		.short	8704
 1617 0c5a 0000     		.short	0
 1618 0c5c 0000     		.short	0
 1619 0c5e 0000     		.short	0
 1620 0c60 0000     		.short	0
 1621 0c62 0000     		.short	0
 1622 0c64 0000     		.short	0
 1623 0c66 0000     		.short	0
 1624 0c68 0000     		.short	0
 1625 0c6a 8061     		.short	24960
 1626 0c6c 0033     		.short	13056
 1627 0c6e 0033     		.short	13056
 1628 0c70 001E     		.short	7680
 1629 0c72 000C     		.short	3072
 1630 0c74 000C     		.short	3072
 1631 0c76 001E     		.short	7680
 1632 0c78 0033     		.short	13056
 1633 0c7a 0033     		.short	13056
 1634 0c7c 8061     		.short	24960
 1635 0c7e 0000     		.short	0
 1636 0c80 0000     		.short	0
 1637 0c82 0000     		.short	0
 1638 0c84 0000     		.short	0
 1639 0c86 0000     		.short	0
 1640 0c88 0000     		.short	0
 1641 0c8a 0000     		.short	0
 1642 0c8c 8061     		.short	24960
 1643 0c8e 8061     		.short	24960
 1644 0c90 8031     		.short	12672
 1645 0c92 0033     		.short	13056
 1646 0c94 0033     		.short	13056
 1647 0c96 001B     		.short	6912
 1648 0c98 001B     		.short	6912
 1649 0c9a 001B     		.short	6912
 1650 0c9c 000E     		.short	3584
 1651 0c9e 000E     		.short	3584
 1652 0ca0 000E     		.short	3584
 1653 0ca2 001C     		.short	7168
 1654 0ca4 007C     		.short	31744
 1655 0ca6 0070     		.short	28672
 1656 0ca8 0000     		.short	0
 1657 0caa 0000     		.short	0
ARM GAS  /tmp/cc0Hs7Ge.s 			page 30


 1658 0cac 0000     		.short	0
 1659 0cae 0000     		.short	0
 1660 0cb0 0000     		.short	0
 1661 0cb2 C07F     		.short	32704
 1662 0cb4 C07F     		.short	32704
 1663 0cb6 8001     		.short	384
 1664 0cb8 0003     		.short	768
 1665 0cba 0006     		.short	1536
 1666 0cbc 000C     		.short	3072
 1667 0cbe 0018     		.short	6144
 1668 0cc0 0030     		.short	12288
 1669 0cc2 C07F     		.short	32704
 1670 0cc4 C07F     		.short	32704
 1671 0cc6 0000     		.short	0
 1672 0cc8 0000     		.short	0
 1673 0cca 0000     		.short	0
 1674 0ccc 8003     		.short	896
 1675 0cce 8007     		.short	1920
 1676 0cd0 0006     		.short	1536
 1677 0cd2 0006     		.short	1536
 1678 0cd4 0006     		.short	1536
 1679 0cd6 0006     		.short	1536
 1680 0cd8 0006     		.short	1536
 1681 0cda 000E     		.short	3584
 1682 0cdc 001C     		.short	7168
 1683 0cde 001C     		.short	7168
 1684 0ce0 000E     		.short	3584
 1685 0ce2 0006     		.short	1536
 1686 0ce4 0006     		.short	1536
 1687 0ce6 0006     		.short	1536
 1688 0ce8 0006     		.short	1536
 1689 0cea 0006     		.short	1536
 1690 0cec 8007     		.short	1920
 1691 0cee 8003     		.short	896
 1692 0cf0 0006     		.short	1536
 1693 0cf2 0006     		.short	1536
 1694 0cf4 0006     		.short	1536
 1695 0cf6 0006     		.short	1536
 1696 0cf8 0006     		.short	1536
 1697 0cfa 0006     		.short	1536
 1698 0cfc 0006     		.short	1536
 1699 0cfe 0006     		.short	1536
 1700 0d00 0006     		.short	1536
 1701 0d02 0006     		.short	1536
 1702 0d04 0006     		.short	1536
 1703 0d06 0006     		.short	1536
 1704 0d08 0006     		.short	1536
 1705 0d0a 0006     		.short	1536
 1706 0d0c 0006     		.short	1536
 1707 0d0e 0006     		.short	1536
 1708 0d10 0006     		.short	1536
 1709 0d12 0006     		.short	1536
 1710 0d14 0038     		.short	14336
 1711 0d16 003C     		.short	15360
 1712 0d18 000C     		.short	3072
 1713 0d1a 000C     		.short	3072
 1714 0d1c 000C     		.short	3072
ARM GAS  /tmp/cc0Hs7Ge.s 			page 31


 1715 0d1e 000C     		.short	3072
 1716 0d20 000C     		.short	3072
 1717 0d22 000E     		.short	3584
 1718 0d24 0007     		.short	1792
 1719 0d26 0007     		.short	1792
 1720 0d28 000E     		.short	3584
 1721 0d2a 000C     		.short	3072
 1722 0d2c 000C     		.short	3072
 1723 0d2e 000C     		.short	3072
 1724 0d30 000C     		.short	3072
 1725 0d32 000C     		.short	3072
 1726 0d34 003C     		.short	15360
 1727 0d36 0038     		.short	14336
 1728 0d38 0000     		.short	0
 1729 0d3a 0000     		.short	0
 1730 0d3c 0000     		.short	0
 1731 0d3e 0000     		.short	0
 1732 0d40 0000     		.short	0
 1733 0d42 0000     		.short	0
 1734 0d44 0000     		.short	0
 1735 0d46 8038     		.short	14464
 1736 0d48 807F     		.short	32640
 1737 0d4a 0047     		.short	18176
 1738 0d4c 0000     		.short	0
 1739 0d4e 0000     		.short	0
 1740 0d50 0000     		.short	0
 1741 0d52 0000     		.short	0
 1742 0d54 0000     		.short	0
 1743 0d56 0000     		.short	0
 1744 0d58 0000     		.short	0
 1745 0d5a 0000     		.short	0
 1746              		.text
 1747              	.Letext0:
 1748              		.file 1 "/home/yuan/gcc-arm-none-eabi-5_4-2016q3/arm-none-eabi/include/machine/_default_types.h"
 1749              		.file 2 "/home/yuan/gcc-arm-none-eabi-5_4-2016q3/arm-none-eabi/include/sys/_stdint.h"
 1750              		.file 3 "Core/Driver/oled/ssd1306_fonts.h"
 1751              		.file 4 "Core/Driver/oled/ssd1306_fonts.c"
ARM GAS  /tmp/cc0Hs7Ge.s 			page 32


DEFINED SYMBOLS
                            *ABS*:00000000 ssd1306_fonts.c
     /tmp/cc0Hs7Ge.s:26     .data.Font_11x18:00000000 Font_11x18
     /tmp/cc0Hs7Ge.s:23     .data.Font_11x18:00000000 $d
     /tmp/cc0Hs7Ge.s:35     .rodata.Font11x18:00000000 Font11x18
     /tmp/cc0Hs7Ge.s:32     .rodata.Font11x18:00000000 $d

NO UNDEFINED SYMBOLS
