ARM GAS  /tmp/ccOUJV4A.s 			page 1


   1              		.syntax unified
   2              		.cpu cortex-m4
   3              		.eabi_attribute 27, 1
   4              		.eabi_attribute 28, 1
   5              		.fpu fpv4-sp-d16
   6              		.eabi_attribute 20, 1
   7              		.eabi_attribute 21, 1
   8              		.eabi_attribute 23, 3
   9              		.eabi_attribute 24, 1
  10              		.eabi_attribute 25, 1
  11              		.eabi_attribute 26, 1
  12              		.eabi_attribute 30, 1
  13              		.eabi_attribute 34, 1
  14              		.eabi_attribute 18, 4
  15              		.thumb
  16              		.syntax unified
  17              		.file	"board.c"
  18              		.text
  19              	.Ltext0:
  20              		.cfi_sections	.debug_frame
  21              		.section	.text._write,"ax",%progbits
  22              		.align	2
  23              		.global	_write
  24              		.thumb
  25              		.thumb_func
  27              	_write:
  28              	.LFB133:
  29              		.file 1 "Core/Src/board.c"
   1:Core/Src/board.c **** 
   2:Core/Src/board.c **** 
   3:Core/Src/board.c **** #include "board.h"
   4:Core/Src/board.c **** #include "main.h"
   5:Core/Src/board.c **** #include <stdio.h>
   6:Core/Src/board.c **** #include <string.h>
   7:Core/Src/board.c **** 
   8:Core/Src/board.c **** /******************************************************************************/
   9:Core/Src/board.c **** /* Extern Handle Type */
  10:Core/Src/board.c **** 
  11:Core/Src/board.c **** extern I2C_HandleTypeDef hi2c1;
  12:Core/Src/board.c **** 
  13:Core/Src/board.c **** #if defined(UART_DEBUG)
  14:Core/Src/board.c **** extern UART_HandleTypeDef huart1;
  15:Core/Src/board.c **** #endif
  16:Core/Src/board.c **** 
  17:Core/Src/board.c **** 
  18:Core/Src/board.c **** 
  19:Core/Src/board.c **** 
  20:Core/Src/board.c **** /******************************************************************************/
  21:Core/Src/board.c **** /* UART Debug  */
  22:Core/Src/board.c **** 
  23:Core/Src/board.c **** #if defined(__GNUC__) && defined(UART_DEBUG) && !defined(UART_DEBUG_GPIO)
  24:Core/Src/board.c **** int _write(int fd, char * ptr, int len)
  25:Core/Src/board.c **** {
  30              		.loc 1 25 0
  31              		.cfi_startproc
  32              		@ args = 0, pretend = 0, frame = 0
  33              		@ frame_needed = 0, uses_anonymous_args = 0
ARM GAS  /tmp/ccOUJV4A.s 			page 2


  34              	.LVL0:
  35 0000 10B5     		push	{r4, lr}
  36              	.LCFI0:
  37              		.cfi_def_cfa_offset 8
  38              		.cfi_offset 4, -8
  39              		.cfi_offset 14, -4
  40 0002 1446     		mov	r4, r2
  26:Core/Src/board.c ****   HAL_UART_Transmit(&huart1, (uint8_t *) ptr, len, HAL_MAX_DELAY);
  41              		.loc 1 26 0
  42 0004 4FF0FF33 		mov	r3, #-1
  43 0008 92B2     		uxth	r2, r2
  44              	.LVL1:
  45 000a 0248     		ldr	r0, .L3
  46              	.LVL2:
  47 000c FFF7FEFF 		bl	HAL_UART_Transmit
  48              	.LVL3:
  27:Core/Src/board.c ****   return len;
  28:Core/Src/board.c **** }
  49              		.loc 1 28 0
  50 0010 2046     		mov	r0, r4
  51 0012 10BD     		pop	{r4, pc}
  52              	.LVL4:
  53              	.L4:
  54              		.align	2
  55              	.L3:
  56 0014 00000000 		.word	huart1
  57              		.cfi_endproc
  58              	.LFE133:
  60              		.section	.text.BOARD_Init,"ax",%progbits
  61              		.align	2
  62              		.global	BOARD_Init
  63              		.thumb
  64              		.thumb_func
  66              	BOARD_Init:
  67              	.LFB134:
  29:Core/Src/board.c **** #elif defined (__ICCARM__) && defined(UART_DEBUG)
  30:Core/Src/board.c **** #include "LowLevelIOInterface.h"
  31:Core/Src/board.c **** size_t __write(int handle, const unsigned char * buffer, size_t size)
  32:Core/Src/board.c **** {
  33:Core/Src/board.c ****   HAL_UART_Transmit(&huart1, (uint8_t *) buffer, size, HAL_MAX_DELAY);
  34:Core/Src/board.c ****   return size;
  35:Core/Src/board.c **** }
  36:Core/Src/board.c **** #elif defined (__CC_ARM) && defined(UART_DEBUG)
  37:Core/Src/board.c **** int fputc(int ch, FILE *f)
  38:Core/Src/board.c **** {
  39:Core/Src/board.c ****   HAL_UART_Transmit(&huart1, (uint8_t *)&ch, 1, HAL_MAX_DELAY);
  40:Core/Src/board.c ****   return ch;
  41:Core/Src/board.c **** }
  42:Core/Src/board.c **** #endif
  43:Core/Src/board.c **** 
  44:Core/Src/board.c **** 
  45:Core/Src/board.c **** /******************************************************************************/
  46:Core/Src/board.c **** /* board init function */
  47:Core/Src/board.c **** 
  48:Core/Src/board.c **** void BOARD_Init() {
  68              		.loc 1 48 0
  69              		.cfi_startproc
ARM GAS  /tmp/ccOUJV4A.s 			page 3


  70              		@ args = 0, pretend = 0, frame = 0
  71              		@ frame_needed = 0, uses_anonymous_args = 0
  72 0000 08B5     		push	{r3, lr}
  73              	.LCFI1:
  74              		.cfi_def_cfa_offset 8
  75              		.cfi_offset 3, -8
  76              		.cfi_offset 14, -4
  49:Core/Src/board.c ****   PRINTF("Ver: %s-%s\r\n", VERSION, BUILD_DATE);
  77              		.loc 1 49 0
  78 0002 094A     		ldr	r2, .L7
  79 0004 0949     		ldr	r1, .L7+4
  80 0006 0A48     		ldr	r0, .L7+8
  81 0008 FFF7FEFF 		bl	printf
  82              	.LVL5:
  50:Core/Src/board.c ****   HAL_GPIO_WritePin(LED_BLUE_GPIO_Port, LED_BLUE_Pin, GPIO_PIN_RESET);
  83              		.loc 1 50 0
  84 000c 0022     		movs	r2, #0
  85 000e 4FF40051 		mov	r1, #8192
  86 0012 0848     		ldr	r0, .L7+12
  87 0014 FFF7FEFF 		bl	HAL_GPIO_WritePin
  88              	.LVL6:
  51:Core/Src/board.c ****   HAL_GPIO_WritePin(LED_RED_GPIO_Port, LED_RED_Pin, GPIO_PIN_SET);
  89              		.loc 1 51 0
  90 0018 0122     		movs	r2, #1
  91 001a 1146     		mov	r1, r2
  92 001c 4FF09040 		mov	r0, #1207959552
  93 0020 FFF7FEFF 		bl	HAL_GPIO_WritePin
  94              	.LVL7:
  95 0024 08BD     		pop	{r3, pc}
  96              	.L8:
  97 0026 00BF     		.align	2
  98              	.L7:
  99 0028 00000000 		.word	.LC0
 100 002c 0C000000 		.word	.LC1
 101 0030 14000000 		.word	.LC2
 102 0034 00080048 		.word	1207961600
 103              		.cfi_endproc
 104              	.LFE134:
 106              		.section	.text.BOARD_Loop,"ax",%progbits
 107              		.align	2
 108              		.global	BOARD_Loop
 109              		.thumb
 110              		.thumb_func
 112              	BOARD_Loop:
 113              	.LFB135:
  52:Core/Src/board.c **** }
  53:Core/Src/board.c **** 
  54:Core/Src/board.c **** /******************************************************************************/
  55:Core/Src/board.c **** /* board loop function */
  56:Core/Src/board.c **** 
  57:Core/Src/board.c **** void BOARD_Loop() {
 114              		.loc 1 57 0
 115              		.cfi_startproc
 116              		@ args = 0, pretend = 0, frame = 0
 117              		@ frame_needed = 0, uses_anonymous_args = 0
 118 0000 10B5     		push	{r4, lr}
 119              	.LCFI2:
ARM GAS  /tmp/ccOUJV4A.s 			page 4


 120              		.cfi_def_cfa_offset 8
 121              		.cfi_offset 4, -8
 122              		.cfi_offset 14, -4
  58:Core/Src/board.c **** 
  59:Core/Src/board.c ****   HAL_GPIO_TogglePin(LED_BLUE_GPIO_Port, LED_BLUE_Pin);
 123              		.loc 1 59 0
 124 0002 0F4C     		ldr	r4, .L11
 125 0004 4FF40051 		mov	r1, #8192
 126 0008 2046     		mov	r0, r4
 127 000a FFF7FEFF 		bl	HAL_GPIO_TogglePin
 128              	.LVL8:
  60:Core/Src/board.c ****   HAL_GPIO_TogglePin(LED_RED_GPIO_Port, LED_RED_Pin);
 129              		.loc 1 60 0
 130 000e 0121     		movs	r1, #1
 131 0010 4FF09040 		mov	r0, #1207959552
 132 0014 FFF7FEFF 		bl	HAL_GPIO_TogglePin
 133              	.LVL9:
  61:Core/Src/board.c ****   PRINTF("Demo LED BLUE:%d\r\n" ,HAL_GPIO_ReadPin(LED_BLUE_GPIO_Port, LED_BLUE_Pin));
 134              		.loc 1 61 0
 135 0018 4FF40051 		mov	r1, #8192
 136 001c 2046     		mov	r0, r4
 137 001e FFF7FEFF 		bl	HAL_GPIO_ReadPin
 138              	.LVL10:
 139 0022 0146     		mov	r1, r0
 140 0024 0748     		ldr	r0, .L11+4
 141 0026 FFF7FEFF 		bl	printf
 142              	.LVL11:
  62:Core/Src/board.c ****   PRINTF("Demo LED RED:%d\r\n" ,HAL_GPIO_ReadPin(LED_RED_GPIO_Port, LED_RED_Pin));
 143              		.loc 1 62 0
 144 002a 0121     		movs	r1, #1
 145 002c 4FF09040 		mov	r0, #1207959552
 146 0030 FFF7FEFF 		bl	HAL_GPIO_ReadPin
 147              	.LVL12:
 148 0034 0146     		mov	r1, r0
 149 0036 0448     		ldr	r0, .L11+8
 150 0038 FFF7FEFF 		bl	printf
 151              	.LVL13:
 152 003c 10BD     		pop	{r4, pc}
 153              	.L12:
 154 003e 00BF     		.align	2
 155              	.L11:
 156 0040 00080048 		.word	1207961600
 157 0044 24000000 		.word	.LC3
 158 0048 38000000 		.word	.LC4
 159              		.cfi_endproc
 160              	.LFE135:
 162              		.section	.rodata.str1.4,"aMS",%progbits,1
 163              		.align	2
 164              	.LC0:
 165 0000 32303232 		.ascii	"2022.10.24\000"
 165      2E31302E 
 165      323400
 166 000b 00       		.space	1
 167              	.LC1:
 168 000c 56312E30 		.ascii	"V1.0\000"
 168      00
 169 0011 000000   		.space	3
ARM GAS  /tmp/ccOUJV4A.s 			page 5


 170              	.LC2:
 171 0014 5665723A 		.ascii	"Ver: %s-%s\015\012\000"
 171      2025732D 
 171      25730D0A 
 171      00
 172 0021 000000   		.space	3
 173              	.LC3:
 174 0024 44656D6F 		.ascii	"Demo LED BLUE:%d\015\012\000"
 174      204C4544 
 174      20424C55 
 174      453A2564 
 174      0D0A00
 175 0037 00       		.space	1
 176              	.LC4:
 177 0038 44656D6F 		.ascii	"Demo LED RED:%d\015\012\000"
 177      204C4544 
 177      20524544 
 177      3A25640D 
 177      0A00
 178              		.text
 179              	.Letext0:
 180              		.file 2 "/home/yuan/gcc-arm-none-eabi-5_4-2016q3/arm-none-eabi/include/machine/_default_types.h"
 181              		.file 3 "/home/yuan/gcc-arm-none-eabi-5_4-2016q3/arm-none-eabi/include/sys/_stdint.h"
 182              		.file 4 "Drivers/CMSIS/Device/ST/STM32L4xx/Include/stm32l431xx.h"
 183              		.file 5 "Drivers/STM32L4xx_HAL_Driver/Inc/stm32l4xx_hal_def.h"
 184              		.file 6 "Drivers/STM32L4xx_HAL_Driver/Inc/stm32l4xx_hal_gpio.h"
 185              		.file 7 "Drivers/STM32L4xx_HAL_Driver/Inc/stm32l4xx_hal_dma.h"
 186              		.file 8 "Drivers/STM32L4xx_HAL_Driver/Inc/stm32l4xx_hal_uart.h"
 187              		.file 9 "Drivers/CMSIS/Include/cmsis_gcc.h"
 188              		.file 10 "Drivers/CMSIS/Include/core_cm4.h"
 189              		.file 11 "/home/yuan/gcc-arm-none-eabi-5_4-2016q3/arm-none-eabi/include/stdio.h"
ARM GAS  /tmp/ccOUJV4A.s 			page 6


DEFINED SYMBOLS
                            *ABS*:00000000 board.c
     /tmp/ccOUJV4A.s:22     .text._write:00000000 $t
     /tmp/ccOUJV4A.s:27     .text._write:00000000 _write
     /tmp/ccOUJV4A.s:56     .text._write:00000014 $d
     /tmp/ccOUJV4A.s:61     .text.BOARD_Init:00000000 $t
     /tmp/ccOUJV4A.s:66     .text.BOARD_Init:00000000 BOARD_Init
     /tmp/ccOUJV4A.s:99     .text.BOARD_Init:00000028 $d
     /tmp/ccOUJV4A.s:107    .text.BOARD_Loop:00000000 $t
     /tmp/ccOUJV4A.s:112    .text.BOARD_Loop:00000000 BOARD_Loop
     /tmp/ccOUJV4A.s:156    .text.BOARD_Loop:00000040 $d
     /tmp/ccOUJV4A.s:163    .rodata.str1.4:00000000 $d
                     .debug_frame:00000010 $d

UNDEFINED SYMBOLS
HAL_UART_Transmit
huart1
printf
HAL_GPIO_WritePin
HAL_GPIO_TogglePin
HAL_GPIO_ReadPin
